<?xml version="1.0" encoding="UTF-8"?>
<testsuite name="com.rafgittools.data.repository.GitRepositoryImplTest" tests="4" skipped="0" failures="0" errors="0" timestamp="2026-01-09T20:09:42" hostname="runnervmi13qx" time="3.746">
  <properties/>
  <testcase name="getCommits returns success" classname="com.rafgittools.data.repository.GitRepositoryImplTest" time="3.699"/>
  <testcase name="getStatus returns success" classname="com.rafgittools.data.repository.GitRepositoryImplTest" time="0.019"/>
  <testcase name="getBranches returns success" classname="com.rafgittools.data.repository.GitRepositoryImplTest" time="0.013"/>
  <testcase name="getStatus returns failure on error" classname="com.rafgittools.data.repository.GitRepositoryImplTest" time="0.015"/>
  <system-out><![CDATA[]]></system-out>
  <system-err><![CDATA[SLF4J: Failed to load class "org.slf4j.impl.StaticLoggerBinder".
SLF4J: Defaulting to no-operation (NOP) logger implementation
SLF4J: See http://www.slf4j.org/codes.html#StaticLoggerBinder for further details.
]]></system-err>
</testsuite>
