<?xml version="1.0" encoding="UTF-8"?>
<testsuite name="com.rafgittools.domain.model.GitRepositoryTest" tests="2" skipped="0" failures="0" errors="0" timestamp="2026-01-09T20:16:38" hostname="runnervmi13qx" time="0.001">
  <properties/>
  <testcase name="create GitRepository with all fields" classname="com.rafgittools.domain.model.GitRepositoryTest" time="0.0"/>
  <testcase name="create GitRepository with minimal fields" classname="com.rafgittools.domain.model.GitRepositoryTest" time="0.0"/>
  <system-out><![CDATA[]]></system-out>
  <system-err><![CDATA[]]></system-err>
</testsuite>
